<?xml version="1.0" encoding="utf-8"?><testsuites><testsuite name="pytest" errors="0" failures="0" skipped="0" tests="7" time="0.038" timestamp="2026-08-01T19:10:28.432720" hostname="Ibrahim-laptop"><testcase classname="test_generic_test_forJenkins" name="test_divideFunc_normal[5-1-5]" time="0.001" /><testcase classname="test_generic_test_forJenkins" name="test_divideFunc_normal[10-5-2]" time="0.001" /><testcase classname="test_generic_test_forJenkins" name="test_divideFunc_normal[3-3-1]" time="0.001" /><testcase classname="test_generic_test_forJenkins" name="test_divideFunc_zero[5-0]" time="0.001" /><testcase classname="test_generic_test_forJenkins" name="test_divideFunc_zero[10000-0]" time="0.001" /><testcase classname="test_generic_test_forJenkins" name="test_divideFunc_zero[1-0]" time="0.001" /><testcase classname="test_generic_test_forJenkins" name="test_divideFunc_zero[0-0]" time="0.001" /></testsuite></testsuites>